\BOOKMARK [0][-]{chapter.1}{Introduction}{}% 1
\BOOKMARK [1][-]{section.1.1}{Introduction}{chapter.1}% 2
\BOOKMARK [1][-]{section.1.2}{Problem Definition}{chapter.1}% 3
\BOOKMARK [1][-]{section.1.3}{Objective}{chapter.1}% 4
\BOOKMARK [1][-]{section.1.4}{Scope}{chapter.1}% 5
\BOOKMARK [1][-]{section.1.5}{Existing System}{chapter.1}% 6
\BOOKMARK [1][-]{section.1.6}{Outline}{chapter.1}% 7
\BOOKMARK [0][-]{chapter.2}{Relate d Work}{}% 8
\BOOKMARK [1][-]{section.2.1}{Digital Image Processing}{chapter.2}% 9
\BOOKMARK [2][-]{subsection.2.1.1}{Light and visible spectrum}{section.2.1}% 10
\BOOKMARK [2][-]{subsection.2.1.2}{Digital image}{section.2.1}% 11
\BOOKMARK [2][-]{subsection.2.1.3}{Classification of digital image}{section.2.1}% 12
\BOOKMARK [2][-]{subsection.2.1.4}{Color spaces}{section.2.1}% 13
\BOOKMARK [2][-]{subsection.2.1.5}{Digital Image processing}{section.2.1}% 14
\BOOKMARK [1][-]{section.2.2}{Image Processing}{chapter.2}% 15
\BOOKMARK [1][-]{section.2.3}{Image Enhancement Techniques}{chapter.2}% 16
\BOOKMARK [2][-]{subsection.2.3.1}{Spatial Domain Technique}{section.2.3}% 17
\BOOKMARK [2][-]{subsection.2.3.2}{Frequency Domain Technique}{section.2.3}% 18
\BOOKMARK [2][-]{subsection.2.3.3}{Comparison between Spatial Domain Technique And Frequency Domain Technique}{section.2.3}% 19
\BOOKMARK [1][-]{section.2.4}{BASICS OF RETINEX THEORY}{chapter.2}% 20
\BOOKMARK [2][-]{subsection.2.4.1}{Overview}{section.2.4}% 21
\BOOKMARK [2][-]{subsection.2.4.2}{Cone Quanta Catch}{section.2.4}% 22
\BOOKMARK [2][-]{subsection.2.4.3}{Mondrian Experiments}{section.2.4}% 23
\BOOKMARK [2][-]{subsection.2.4.4}{Retinex Mechanism}{section.2.4}% 24
\BOOKMARK [2][-]{subsection.2.4.5}{Retinex in Image Processing}{section.2.4}% 25
\BOOKMARK [2][-]{subsection.2.4.6}{Retinex in Image Enhancement}{section.2.4}% 26
\BOOKMARK [0][-]{chapter.3}{Proposed Work}{}% 27
\BOOKMARK [1][-]{section.3.1}{Introduction}{chapter.3}% 28
\BOOKMARK [1][-]{section.3.2}{Retinex in Image Processing}{chapter.3}% 29
\BOOKMARK [2][-]{subsection.3.2.1}{Single Scale Retinex \(SSR\)}{section.3.2}% 30
\BOOKMARK [2][-]{subsection.3.2.2}{Multiscale Retinex \(MSR\)}{section.3.2}% 31
\BOOKMARK [2][-]{subsection.3.2.3}{Multiscale retinex with Color Restoration algorithm \(MSRCR\)}{section.3.2}% 32
\BOOKMARK [0][-]{chapter.4}{Implementation}{}% 33
\BOOKMARK [1][-]{section.4.1}{Introduction}{chapter.4}% 34
\BOOKMARK [1][-]{section.4.2}{Problem Definition}{chapter.4}% 35
\BOOKMARK [1][-]{section.4.3}{Objective}{chapter.4}% 36
\BOOKMARK [1][-]{section.4.4}{Scope}{chapter.4}% 37
\BOOKMARK [1][-]{section.4.5}{Existing System}{chapter.4}% 38
\BOOKMARK [1][-]{section.4.6}{Outline}{chapter.4}% 39
\BOOKMARK [0][-]{chapter.5}{Result and Discussion}{}% 40
\BOOKMARK [1][-]{section.5.1}{Introduction}{chapter.5}% 41
\BOOKMARK [1][-]{section.5.2}{Problem Definition}{chapter.5}% 42
\BOOKMARK [1][-]{section.5.3}{Objective}{chapter.5}% 43
\BOOKMARK [1][-]{section.5.4}{Scope}{chapter.5}% 44
\BOOKMARK [1][-]{section.5.5}{Existing System}{chapter.5}% 45
\BOOKMARK [1][-]{section.5.6}{Outline}{chapter.5}% 46
\BOOKMARK [0][-]{chapter.6}{Conclusion and Future Scope}{}% 47
\BOOKMARK [1][-]{section.6.1}{Introduction}{chapter.6}% 48
\BOOKMARK [1][-]{section.6.2}{Problem Definition}{chapter.6}% 49
\BOOKMARK [1][-]{section.6.3}{Objective}{chapter.6}% 50
\BOOKMARK [1][-]{section.6.4}{Scope}{chapter.6}% 51
\BOOKMARK [1][-]{section.6.5}{Existing System}{chapter.6}% 52
\BOOKMARK [1][-]{section.6.6}{Outline}{chapter.6}% 53
