This is pdfTeX, Version 3.14159265-2.6-1.40.18 (MiKTeX 2.9.6500 64-bit) (preloaded format=pdflatex 2017.11.26)  20 DEC 2018 14:25
entering extended mode
**./main.tex
(main.tex
LaTeX2e <2017-04-15>
Babel <3.15> and hyphenation patterns for 75 language(s) loaded.
("C:\Program Files\MiKTeX 2.9\tex\latex\base\report.cls"
Document Class: report 2014/09/29 v1.4h Standard LaTeX document class
("C:\Program Files\MiKTeX 2.9\tex\latex\base\size12.clo"
File: size12.clo 2014/09/29 v1.4h Standard LaTeX file (size option)
)
\c@part=\count79
\c@chapter=\count80
\c@section=\count81
\c@subsection=\count82
\c@subsubsection=\count83
\c@paragraph=\count84
\c@subparagraph=\count85
\c@figure=\count86
\c@table=\count87
\abovecaptionskip=\skip41
\belowcaptionskip=\skip42
\bibindent=\dimen102
)
("C:\Program Files\MiKTeX 2.9\tex\latex\base\fontenc.sty"
Package: fontenc 2017/04/05 v2.0i Standard LaTeX package

("C:\Program Files\MiKTeX 2.9\tex\latex\base\t1enc.def"
File: t1enc.def 2017/04/05 v2.0i Standard LaTeX file
LaTeX Font Info:    Redeclaring font encoding T1 on input line 48.
))
("C:\Program Files\MiKTeX 2.9\tex\latex\base\inputenc.sty"
Package: inputenc 2015/03/17 v1.2c Input encoding file
\inpenc@prehook=\toks14
\inpenc@posthook=\toks15

("C:\Program Files\MiKTeX 2.9\tex\latex\base\utf8.def"
File: utf8.def 2017/01/28 v1.1t UTF-8 support for inputenc
Now handling font encoding OML ...
... no UTF-8 mapping file for font encoding OML
Now handling font encoding T1 ...
... processing UTF-8 mapping file for font encoding T1

("C:\Program Files\MiKTeX 2.9\tex\latex\base\t1enc.dfu"
File: t1enc.dfu 2017/01/28 v1.1t UTF-8 support for inputenc
   defining Unicode char U+00A0 (decimal 160)
   defining Unicode char U+00A1 (decimal 161)
   defining Unicode char U+00A3 (decimal 163)
   defining Unicode char U+00AB (decimal 171)
   defining Unicode char U+00AD (decimal 173)
   defining Unicode char U+00BB (decimal 187)
   defining Unicode char U+00BF (decimal 191)
   defining Unicode char U+00C0 (decimal 192)
   defining Unicode char U+00C1 (decimal 193)
   defining Unicode char U+00C2 (decimal 194)
   defining Unicode char U+00C3 (decimal 195)
   defining Unicode char U+00C4 (decimal 196)
   defining Unicode char U+00C5 (decimal 197)
   defining Unicode char U+00C6 (decimal 198)
   defining Unicode char U+00C7 (decimal 199)
   defining Unicode char U+00C8 (decimal 200)
   defining Unicode char U+00C9 (decimal 201)
   defining Unicode char U+00CA (decimal 202)
   defining Unicode char U+00CB (decimal 203)
   defining Unicode char U+00CC (decimal 204)
   defining Unicode char U+00CD (decimal 205)
   defining Unicode char U+00CE (decimal 206)
   defining Unicode char U+00CF (decimal 207)
   defining Unicode char U+00D0 (decimal 208)
   defining Unicode char U+00D1 (decimal 209)
   defining Unicode char U+00D2 (decimal 210)
   defining Unicode char U+00D3 (decimal 211)
   defining Unicode char U+00D4 (decimal 212)
   defining Unicode char U+00D5 (decimal 213)
   defining Unicode char U+00D6 (decimal 214)
   defining Unicode char U+00D8 (decimal 216)
   defining Unicode char U+00D9 (decimal 217)
   defining Unicode char U+00DA (decimal 218)
   defining Unicode char U+00DB (decimal 219)
   defining Unicode char U+00DC (decimal 220)
   defining Unicode char U+00DD (decimal 221)
   defining Unicode char U+00DE (decimal 222)
   defining Unicode char U+00DF (decimal 223)
   defining Unicode char U+00E0 (decimal 224)
   defining Unicode char U+00E1 (decimal 225)
   defining Unicode char U+00E2 (decimal 226)
   defining Unicode char U+00E3 (decimal 227)
   defining Unicode char U+00E4 (decimal 228)
   defining Unicode char U+00E5 (decimal 229)
   defining Unicode char U+00E6 (decimal 230)
   defining Unicode char U+00E7 (decimal 231)
   defining Unicode char U+00E8 (decimal 232)
   defining Unicode char U+00E9 (decimal 233)
   defining Unicode char U+00EA (decimal 234)
   defining Unicode char U+00EB (decimal 235)
   defining Unicode char U+00EC (decimal 236)
   defining Unicode char U+00ED (decimal 237)
   defining Unicode char U+00EE (decimal 238)
   defining Unicode char U+00EF (decimal 239)
   defining Unicode char U+00F0 (decimal 240)
   defining Unicode char U+00F1 (decimal 241)
   defining Unicode char U+00F2 (decimal 242)
   defining Unicode char U+00F3 (decimal 243)
   defining Unicode char U+00F4 (decimal 244)
   defining Unicode char U+00F5 (decimal 245)
   defining Unicode char U+00F6 (decimal 246)
   defining Unicode char U+00F8 (decimal 248)
   defining Unicode char U+00F9 (decimal 249)
   defining Unicode char U+00FA (decimal 250)
   defining Unicode char U+00FB (decimal 251)
   defining Unicode char U+00FC (decimal 252)
   defining Unicode char U+00FD (decimal 253)
   defining Unicode char U+00FE (decimal 254)
   defining Unicode char U+00FF (decimal 255)
   defining Unicode char U+0100 (decimal 256)
   defining Unicode char U+0101 (decimal 257)
   defining Unicode char U+0102 (decimal 258)
   defining Unicode char U+0103 (decimal 259)
   defining Unicode char U+0104 (decimal 260)
   defining Unicode char U+0105 (decimal 261)
   defining Unicode char U+0106 (decimal 262)
   defining Unicode char U+0107 (decimal 263)
   defining Unicode char U+0108 (decimal 264)
   defining Unicode char U+0109 (decimal 265)
   defining Unicode char U+010A (decimal 266)
   defining Unicode char U+010B (decimal 267)
   defining Unicode char U+010C (decimal 268)
   defining Unicode char U+010D (decimal 269)
   defining Unicode char U+010E (decimal 270)
   defining Unicode char U+010F (decimal 271)
   defining Unicode char U+0110 (decimal 272)
   defining Unicode char U+0111 (decimal 273)
   defining Unicode char U+0112 (decimal 274)
   defining Unicode char U+0113 (decimal 275)
   defining Unicode char U+0114 (decimal 276)
   defining Unicode char U+0115 (decimal 277)
   defining Unicode char U+0116 (decimal 278)
   defining Unicode char U+0117 (decimal 279)
   defining Unicode char U+0118 (decimal 280)
   defining Unicode char U+0119 (decimal 281)
   defining Unicode char U+011A (decimal 282)
   defining Unicode char U+011B (decimal 283)
   defining Unicode char U+011C (decimal 284)
   defining Unicode char U+011D (decimal 285)
   defining Unicode char U+011E (decimal 286)
   defining Unicode char U+011F (decimal 287)
   defining Unicode char U+0120 (decimal 288)
   defining Unicode char U+0121 (decimal 289)
   defining Unicode char U+0122 (decimal 290)
   defining Unicode char U+0123 (decimal 291)
   defining Unicode char U+0124 (decimal 292)
   defining Unicode char U+0125 (decimal 293)
   defining Unicode char U+0128 (decimal 296)
   defining Unicode char U+0129 (decimal 297)
   defining Unicode char U+012A (decimal 298)
   defining Unicode char U+012B (decimal 299)
   defining Unicode char U+012C (decimal 300)
   defining Unicode char U+012D (decimal 301)
   defining Unicode char U+012E (decimal 302)
   defining Unicode char U+012F (decimal 303)
   defining Unicode char U+0130 (decimal 304)
   defining Unicode char U+0131 (decimal 305)
   defining Unicode char U+0132 (decimal 306)
   defining Unicode char U+0133 (decimal 307)
   defining Unicode char U+0134 (decimal 308)
   defining Unicode char U+0135 (decimal 309)
   defining Unicode char U+0136 (decimal 310)
   defining Unicode char U+0137 (decimal 311)
   defining Unicode char U+0139 (decimal 313)
   defining Unicode char U+013A (decimal 314)
   defining Unicode char U+013B (decimal 315)
   defining Unicode char U+013C (decimal 316)
   defining Unicode char U+013D (decimal 317)
   defining Unicode char U+013E (decimal 318)
   defining Unicode char U+0141 (decimal 321)
   defining Unicode char U+0142 (decimal 322)
   defining Unicode char U+0143 (decimal 323)
   defining Unicode char U+0144 (decimal 324)
   defining Unicode char U+0145 (decimal 325)
   defining Unicode char U+0146 (decimal 326)
   defining Unicode char U+0147 (decimal 327)
   defining Unicode char U+0148 (decimal 328)
   defining Unicode char U+014A (decimal 330)
   defining Unicode char U+014B (decimal 331)
   defining Unicode char U+014C (decimal 332)
   defining Unicode char U+014D (decimal 333)
   defining Unicode char U+014E (decimal 334)
   defining Unicode char U+014F (decimal 335)
   defining Unicode char U+0150 (decimal 336)
   defining Unicode char U+0151 (decimal 337)
   defining Unicode char U+0152 (decimal 338)
   defining Unicode char U+0153 (decimal 339)
   defining Unicode char U+0154 (decimal 340)
   defining Unicode char U+0155 (decimal 341)
   defining Unicode char U+0156 (decimal 342)
   defining Unicode char U+0157 (decimal 343)
   defining Unicode char U+0158 (decimal 344)
   defining Unicode char U+0159 (decimal 345)
   defining Unicode char U+015A (decimal 346)
   defining Unicode char U+015B (decimal 347)
   defining Unicode char U+015C (decimal 348)
   defining Unicode char U+015D (decimal 349)
   defining Unicode char U+015E (decimal 350)
   defining Unicode char U+015F (decimal 351)
   defining Unicode char U+0160 (decimal 352)
   defining Unicode char U+0161 (decimal 353)
   defining Unicode char U+0162 (decimal 354)
   defining Unicode char U+0163 (decimal 355)
   defining Unicode char U+0164 (decimal 356)
   defining Unicode char U+0165 (decimal 357)
   defining Unicode char U+0168 (decimal 360)
   defining Unicode char U+0169 (decimal 361)
   defining Unicode char U+016A (decimal 362)
   defining Unicode char U+016B (decimal 363)
   defining Unicode char U+016C (decimal 364)
   defining Unicode char U+016D (decimal 365)
   defining Unicode char U+016E (decimal 366)
   defining Unicode char U+016F (decimal 367)
   defining Unicode char U+0170 (decimal 368)
   defining Unicode char U+0171 (decimal 369)
   defining Unicode char U+0172 (decimal 370)
   defining Unicode char U+0173 (decimal 371)
   defining Unicode char U+0174 (decimal 372)
   defining Unicode char U+0175 (decimal 373)
   defining Unicode char U+0176 (decimal 374)
   defining Unicode char U+0177 (decimal 375)
   defining Unicode char U+0178 (decimal 376)
   defining Unicode char U+0179 (decimal 377)
   defining Unicode char U+017A (decimal 378)
   defining Unicode char U+017B (decimal 379)
   defining Unicode char U+017C (decimal 380)
   defining Unicode char U+017D (decimal 381)
   defining Unicode char U+017E (decimal 382)
   defining Unicode char U+01CD (decimal 461)
   defining Unicode char U+01CE (decimal 462)
   defining Unicode char U+01CF (decimal 463)
   defining Unicode char U+01D0 (decimal 464)
   defining Unicode char U+01D1 (decimal 465)
   defining Unicode char U+01D2 (decimal 466)
   defining Unicode char U+01D3 (decimal 467)
   defining Unicode char U+01D4 (decimal 468)
   defining Unicode char U+01E2 (decimal 482)
   defining Unicode char U+01E3 (decimal 483)
   defining Unicode char U+01E6 (decimal 486)
   defining Unicode char U+01E7 (decimal 487)
   defining Unicode char U+01E8 (decimal 488)
   defining Unicode char U+01E9 (decimal 489)
   defining Unicode char U+01EA (decimal 490)
   defining Unicode char U+01EB (decimal 491)
   defining Unicode char U+01F0 (decimal 496)
   defining Unicode char U+01F4 (decimal 500)
   defining Unicode char U+01F5 (decimal 501)
   defining Unicode char U+0218 (decimal 536)
   defining Unicode char U+0219 (decimal 537)
   defining Unicode char U+021A (decimal 538)
   defining Unicode char U+021B (decimal 539)
   defining Unicode char U+0232 (decimal 562)
   defining Unicode char U+0233 (decimal 563)
   defining Unicode char U+1E02 (decimal 7682)
   defining Unicode char U+1E03 (decimal 7683)
   defining Unicode char U+200C (decimal 8204)
   defining Unicode char U+2010 (decimal 8208)
   defining Unicode char U+2011 (decimal 8209)
   defining Unicode char U+2012 (decimal 8210)
   defining Unicode char U+2013 (decimal 8211)
   defining Unicode char U+2014 (decimal 8212)
   defining Unicode char U+2015 (decimal 8213)
   defining Unicode char U+2018 (decimal 8216)
   defining Unicode char U+2019 (decimal 8217)
   defining Unicode char U+201A (decimal 8218)
   defining Unicode char U+201C (decimal 8220)
   defining Unicode char U+201D (decimal 8221)
   defining Unicode char U+201E (decimal 8222)
   defining Unicode char U+2030 (decimal 8240)
   defining Unicode char U+2031 (decimal 8241)
   defining Unicode char U+2039 (decimal 8249)
   defining Unicode char U+203A (decimal 8250)
   defining Unicode char U+2423 (decimal 9251)
   defining Unicode char U+1E20 (decimal 7712)
   defining Unicode char U+1E21 (decimal 7713)
)
Now handling font encoding OT1 ...
... processing UTF-8 mapping file for font encoding OT1

("C:\Program Files\MiKTeX 2.9\tex\latex\base\ot1enc.dfu"
File: ot1enc.dfu 2017/01/28 v1.1t UTF-8 support for inputenc
   defining Unicode char U+00A0 (decimal 160)
   defining Unicode char U+00A1 (decimal 161)
   defining Unicode char U+00A3 (decimal 163)
   defining Unicode char U+00AD (decimal 173)
   defining Unicode char U+00B8 (decimal 184)
   defining Unicode char U+00BF (decimal 191)
   defining Unicode char U+00C5 (decimal 197)
   defining Unicode char U+00C6 (decimal 198)
   defining Unicode char U+00D8 (decimal 216)
   defining Unicode char U+00DF (decimal 223)
   defining Unicode char U+00E6 (decimal 230)
   defining Unicode char U+00EC (decimal 236)
   defining Unicode char U+00ED (decimal 237)
   defining Unicode char U+00EE (decimal 238)
   defining Unicode char U+00EF (decimal 239)
   defining Unicode char U+00F8 (decimal 248)
   defining Unicode char U+0131 (decimal 305)
   defining Unicode char U+0141 (decimal 321)
   defining Unicode char U+0142 (decimal 322)
   defining Unicode char U+0152 (decimal 338)
   defining Unicode char U+0153 (decimal 339)
   defining Unicode char U+0174 (decimal 372)
   defining Unicode char U+0175 (decimal 373)
   defining Unicode char U+0176 (decimal 374)
   defining Unicode char U+0177 (decimal 375)
   defining Unicode char U+0218 (decimal 536)
   defining Unicode char U+0219 (decimal 537)
   defining Unicode char U+021A (decimal 538)
   defining Unicode char U+021B (decimal 539)
   defining Unicode char U+2013 (decimal 8211)
   defining Unicode char U+2014 (decimal 8212)
   defining Unicode char U+2018 (decimal 8216)
   defining Unicode char U+2019 (decimal 8217)
   defining Unicode char U+201C (decimal 8220)
   defining Unicode char U+201D (decimal 8221)
)
Now handling font encoding OMS ...
... processing UTF-8 mapping file for font encoding OMS

("C:\Program Files\MiKTeX 2.9\tex\latex\base\omsenc.dfu"
File: omsenc.dfu 2017/01/28 v1.1t UTF-8 support for inputenc
   defining Unicode char U+00A7 (decimal 167)
   defining Unicode char U+00B6 (decimal 182)
   defining Unicode char U+00B7 (decimal 183)
   defining Unicode char U+2020 (decimal 8224)
   defining Unicode char U+2021 (decimal 8225)
   defining Unicode char U+2022 (decimal 8226)
)
Now handling font encoding OMX ...
... no UTF-8 mapping file for font encoding OMX
Now handling font encoding U ...
... no UTF-8 mapping file for font encoding U
   defining Unicode char U+00A9 (decimal 169)
   defining Unicode char U+00AA (decimal 170)
   defining Unicode char U+00AE (decimal 174)
   defining Unicode char U+00BA (decimal 186)
   defining Unicode char U+02C6 (decimal 710)
   defining Unicode char U+02DC (decimal 732)
   defining Unicode char U+200C (decimal 8204)
   defining Unicode char U+2026 (decimal 8230)
   defining Unicode char U+2122 (decimal 8482)
   defining Unicode char U+2423 (decimal 9251)
))
("C:\Program Files\MiKTeX 2.9\tex\generic\babel\babel.sty"
Package: babel 2017/11/03 3.15 The Babel package

("C:\Program Files\MiKTeX 2.9\tex\generic\babel\switch.def"
File: switch.def 2017/11/03 3.15 Babel switching mechanism
)
*************************************
* Local config file bblopts.cfg used
*
(C:\Users\Harish\AppData\Roaming\MiKTeX\2.9\tex\latex\arabi\bblopts.cfg
File: bblopts.cfg 2005/09/08 v0.1 add Arabic and Farsi to "declared" options of
 babel
)
("C:\Program Files\MiKTeX 2.9\tex\latex\babel-english\english.ldf"
Language: english 2017/06/06 v3.3r English support from the babel system

("C:\Program Files\MiKTeX 2.9\tex\generic\babel\babel.def"
File: babel.def 2017/11/03 3.15 Babel common definitions

("C:\Program Files\MiKTeX 2.9\tex\generic\babel\switch.def"
File: switch.def 2017/11/03 3.15 Babel switching mechanism
)
\babel@savecnt=\count88
\U@D=\dimen103
)
\l@canadian = a dialect from \language\l@american 
\l@australian = a dialect from \language\l@british 
\l@newzealand = a dialect from \language\l@british 
))
("C:\Program Files\MiKTeX 2.9\tex\latex\amsmath\amsmath.sty"
Package: amsmath 2017/09/02 v2.17a AMS math features
\@mathmargin=\skip43

For additional information on amsmath, use the `?' option.
("C:\Program Files\MiKTeX 2.9\tex\latex\amsmath\amstext.sty"
Package: amstext 2000/06/29 v2.01 AMS text

("C:\Program Files\MiKTeX 2.9\tex\latex\amsmath\amsgen.sty"
File: amsgen.sty 1999/11/30 v2.0 generic functions
\@emptytoks=\toks16
\ex@=\dimen104
))
("C:\Program Files\MiKTeX 2.9\tex\latex\amsmath\amsbsy.sty"
Package: amsbsy 1999/11/29 v1.2d Bold Symbols
\pmbraise@=\dimen105
)
("C:\Program Files\MiKTeX 2.9\tex\latex\amsmath\amsopn.sty"
Package: amsopn 2016/03/08 v2.02 operator names
)
\inf@bad=\count89
LaTeX Info: Redefining \frac on input line 213.
\uproot@=\count90
\leftroot@=\count91
LaTeX Info: Redefining \overline on input line 375.
\classnum@=\count92
\DOTSCASE@=\count93
LaTeX Info: Redefining \ldots on input line 472.
LaTeX Info: Redefining \dots on input line 475.
LaTeX Info: Redefining \cdots on input line 596.
\Mathstrutbox@=\box26
\strutbox@=\box27
\big@size=\dimen106
LaTeX Font Info:    Redeclaring font encoding OML on input line 712.
LaTeX Font Info:    Redeclaring font encoding OMS on input line 713.
\macc@depth=\count94
\c@MaxMatrixCols=\count95
\dotsspace@=\muskip10
\c@parentequation=\count96
\dspbrk@lvl=\count97
\tag@help=\toks17
\row@=\count98
\column@=\count99
\maxfields@=\count100
\andhelp@=\toks18
\eqnshift@=\dimen107
\alignsep@=\dimen108
\tagshift@=\dimen109
\tagwidth@=\dimen110
\totwidth@=\dimen111
\lineht@=\dimen112
\@envbody=\toks19
\multlinegap=\skip44
\multlinetaggap=\skip45
\mathdisplay@stack=\toks20
LaTeX Info: Redefining \[ on input line 2817.
LaTeX Info: Redefining \] on input line 2818.
)
("C:\Program Files\MiKTeX 2.9\tex\latex\mathtools\mathtools.sty"
Package: mathtools 2018/01/08 v1.21 mathematical typesetting tools

("C:\Program Files\MiKTeX 2.9\tex\latex\graphics\keyval.sty"
Package: keyval 2014/10/28 v1.15 key=value parser (DPC)
\KV@toks@=\toks21
)
("C:\Program Files\MiKTeX 2.9\tex\latex\tools\calc.sty"
Package: calc 2014/10/28 v4.3 Infix arithmetic (KKT,FJ)
\calc@Acount=\count101
\calc@Bcount=\count102
\calc@Adimen=\dimen113
\calc@Bdimen=\dimen114
\calc@Askip=\skip46
\calc@Bskip=\skip47
LaTeX Info: Redefining \setlength on input line 80.
LaTeX Info: Redefining \addtolength on input line 81.
\calc@Ccount=\count103
\calc@Cskip=\skip48
)
("C:\Program Files\MiKTeX 2.9\tex\latex\mathtools\mhsetup.sty"
Package: mhsetup 2017/03/31 v1.3 programming setup (MH)
)
LaTeX Info: Thecontrolsequence`\('isalreadyrobust on input line 129.
LaTeX Info: Thecontrolsequence`\)'isalreadyrobust on input line 129.
LaTeX Info: Thecontrolsequence`\['isalreadyrobust on input line 129.
LaTeX Info: Thecontrolsequence`\]'isalreadyrobust on input line 129.
\g_MT_multlinerow_int=\count104
\l_MT_multwidth_dim=\dimen115
\origjot=\skip49
\l_MT_shortvdotswithinadjustabove_dim=\dimen116
\l_MT_shortvdotswithinadjustbelow_dim=\dimen117
\l_MT_above_intertext_sep=\dimen118
\l_MT_below_intertext_sep=\dimen119
\l_MT_above_shortintertext_sep=\dimen120
\l_MT_below_shortintertext_sep=\dimen121
)
("C:\Program Files\MiKTeX 2.9\tex\latex\amsfonts\amsfonts.sty"
Package: amsfonts 2013/01/14 v3.01 Basic AMSFonts support
\symAMSa=\mathgroup4
\symAMSb=\mathgroup5
LaTeX Font Info:    Overwriting math alphabet `\mathfrak' in version `bold'
(Font)                  U/euf/m/n --> U/euf/b/n on input line 106.
)
("C:\Program Files\MiKTeX 2.9\tex\latex\amsfonts\amssymb.sty"
Package: amssymb 2013/01/14 v3.01 AMS font symbols
)
("C:\Program Files\MiKTeX 2.9\tex\latex\graphics\graphicx.sty"
Package: graphicx 2017/06/01 v1.1a Enhanced LaTeX Graphics (DPC,SPQR)

("C:\Program Files\MiKTeX 2.9\tex\latex\graphics\graphics.sty"
Package: graphics 2017/06/25 v1.2c Standard LaTeX Graphics (DPC,SPQR)

("C:\Program Files\MiKTeX 2.9\tex\latex\graphics\trig.sty"
Package: trig 2016/01/03 v1.10 sin cos tan (DPC)
)
("C:\Program Files\MiKTeX 2.9\tex\latex\graphics-cfg\graphics.cfg"
File: graphics.cfg 2016/06/04 v1.11 sample graphics configuration
)
Package graphics Info: Driver file: pdftex.def on input line 99.

("C:\Program Files\MiKTeX 2.9\tex\latex\graphics-def\pdftex.def"
File: pdftex.def 2017/06/24 v1.0g Graphics/color driver for pdftex
))
\Gin@req@height=\dimen122
\Gin@req@width=\dimen123
)
("C:\Program Files\MiKTeX 2.9\tex\latex\float\float.sty"
Package: float 2001/11/08 v1.3d Float enhancements (AL)
\c@float@type=\count105
\float@exts=\toks22
\float@box=\box28
\@float@everytoks=\toks23
\@floatcapt=\box29
)
("C:\Program Files\MiKTeX 2.9\tex\latex\geometry\geometry.sty"
Package: geometry 2010/09/12 v5.6 Page Geometry

("C:\Program Files\MiKTeX 2.9\tex\generic\oberdiek\ifpdf.sty"
Package: ifpdf 2017/03/15 v3.2 Provides the ifpdf switch
)
("C:\Program Files\MiKTeX 2.9\tex\generic\oberdiek\ifvtex.sty"
Package: ifvtex 2016/05/16 v1.6 Detect VTeX and its facilities (HO)
Package ifvtex Info: VTeX not detected.
)
("C:\Program Files\MiKTeX 2.9\tex\generic\ifxetex\ifxetex.sty"
Package: ifxetex 2010/09/12 v0.6 Provides ifxetex conditional
)
\Gm@cnth=\count106
\Gm@cntv=\count107
\c@Gm@tempcnt=\count108
\Gm@bindingoffset=\dimen124
\Gm@wd@mp=\dimen125
\Gm@odd@mp=\dimen126
\Gm@even@mp=\dimen127
\Gm@layoutwidth=\dimen128
\Gm@layoutheight=\dimen129
\Gm@layouthoffset=\dimen130
\Gm@layoutvoffset=\dimen131
\Gm@dimlist=\toks24

("C:\Program Files\MiKTeX 2.9\tex\latex\geometry\geometry.cfg"))
("C:\Program Files\MiKTeX 2.9\tex\latex\psnfss\times.sty"
Package: times 2005/04/12 PSNFSS-v9.2a (SPQR) 
)
("C:\Program Files\MiKTeX 2.9\tex\latex\nomencl\nomencl.sty"
Package: nomencl 2005/09/22 v4.2 Nomenclature package (LN)
\nomlabelwidth=\dimen132
\nom@tempdim=\dimen133
\nomitemsep=\skip50
)
("C:\Program Files\MiKTeX 2.9\tex\latex\natbib\natbib.sty"
Package: natbib 2010/09/13 8.31b (PWD, AO)
\bibhang=\skip51
\bibsep=\skip52
LaTeX Info: Redefining \cite on input line 694.
\c@NAT@ctr=\count109
)
("C:\Program Files\MiKTeX 2.9\tex\latex\appendix\appendix.sty"
Package: appendix 2009/09/02 v1.2b extra appendix facilities
\c@@pps=\count110
\c@@ppsavesec=\count111
\c@@ppsaveapp=\count112
)
("C:\Program Files\MiKTeX 2.9\tex\latex\setspace\setspace.sty"
Package: setspace 2011/12/19 v6.7a set line spacing
)
("C:\Program Files\MiKTeX 2.9\tex\latex\graphics\color.sty"
Package: color 2016/07/10 v1.1e Standard LaTeX Color (DPC)

("C:\Program Files\MiKTeX 2.9\tex\latex\graphics-cfg\color.cfg"
File: color.cfg 2016/01/02 v1.6 sample color configuration
)
Package color Info: Driver file: pdftex.def on input line 147.
)
("C:\Program Files\MiKTeX 2.9\tex\latex\fancybox\fancybox.sty"
Package: fancybox 2010/05/15 1.4

Style option: `fancybox' v1.4 <2010/05/15> (tvz)
\@fancybox=\box30
\shadowsize=\dimen134
\@Sbox=\box31
\do@VerbBox=\toks25
\the@fancyput=\toks26
\this@fancyput=\toks27
\EndVerbatimTokens=\toks28
\Verbatim@Outfile=\write3
\Verbatim@Infile=\read1
) ("C:\Program Files\MiKTeX 2.9\tex\latex\lipsum\lipsum.sty"
Package: lipsum 2014/07/27 v1.3 150 paragraphs of Lorem Ipsum dummy text
\c@lips@count=\count113
)
("C:\Program Files\MiKTeX 2.9\tex\latex\hyperref\hyperref.sty"
Package: hyperref 2017/03/14 v6.85a Hypertext links for LaTeX

("C:\Program Files\MiKTeX 2.9\tex\generic\oberdiek\hobsub-hyperref.sty"
Package: hobsub-hyperref 2016/05/16 v1.14 Bundle oberdiek, subset hyperref (HO)


("C:\Program Files\MiKTeX 2.9\tex\generic\oberdiek\hobsub-generic.sty"
Package: hobsub-generic 2016/05/16 v1.14 Bundle oberdiek, subset generic (HO)
Package: hobsub 2016/05/16 v1.14 Construct package bundles (HO)
Package: infwarerr 2016/05/16 v1.4 Providing info/warning/error messages (HO)
Package: ltxcmds 2016/05/16 v1.23 LaTeX kernel commands for general use (HO)
Package: ifluatex 2016/05/16 v1.4 Provides the ifluatex switch (HO)
Package ifluatex Info: LuaTeX not detected.
Package hobsub Info: Skipping package `ifvtex' (already loaded).
Package: intcalc 2016/05/16 v1.2 Expandable calculations with integers (HO)
Package hobsub Info: Skipping package `ifpdf' (already loaded).
Package: etexcmds 2016/05/16 v1.6 Avoid name clashes with e-TeX commands (HO)
Package etexcmds Info: Could not find \expanded.
(etexcmds)             That can mean that you are not using pdfTeX 1.50 or
(etexcmds)             that some package has redefined \expanded.
(etexcmds)             In the latter case, load this package earlier.
Package: kvsetkeys 2016/05/16 v1.17 Key value parser (HO)
Package: kvdefinekeys 2016/05/16 v1.4 Define keys (HO)
Package: pdftexcmds 2017/03/19 v0.25 Utility functions of pdfTeX for LuaTeX (HO
)
Package pdftexcmds Info: LuaTeX not detected.
Package pdftexcmds Info: \pdf@primitive is available.
Package pdftexcmds Info: \pdf@ifprimitive is available.
Package pdftexcmds Info: \pdfdraftmode found.
Package: pdfescape 2016/05/16 v1.14 Implements pdfTeX's escape features (HO)
Package: bigintcalc 2016/05/16 v1.4 Expandable calculations on big integers (HO
)
Package: bitset 2016/05/16 v1.2 Handle bit-vector datatype (HO)
Package: uniquecounter 2016/05/16 v1.3 Provide unlimited unique counter (HO)
)
Package hobsub Info: Skipping package `hobsub' (already loaded).
Package: letltxmacro 2016/05/16 v1.5 Let assignment for LaTeX macros (HO)
Package: hopatch 2016/05/16 v1.3 Wrapper for package hooks (HO)
Package: xcolor-patch 2016/05/16 xcolor patch
Package: atveryend 2016/05/16 v1.9 Hooks at the very end of document (HO)
Package atveryend Info: \enddocument detected (standard20110627).
Package: atbegshi 2016/06/09 v1.18 At begin shipout hook (HO)
Package: refcount 2016/05/16 v3.5 Data extraction from label references (HO)
Package: hycolor 2016/05/16 v1.8 Color options for hyperref/bookmark (HO)
)
("C:\Program Files\MiKTeX 2.9\tex\latex\oberdiek\auxhook.sty"
Package: auxhook 2016/05/16 v1.4 Hooks for auxiliary files (HO)
)
("C:\Program Files\MiKTeX 2.9\tex\latex\oberdiek\kvoptions.sty"
Package: kvoptions 2016/05/16 v3.12 Key value format for package options (HO)
)
\@linkdim=\dimen135
\Hy@linkcounter=\count114
\Hy@pagecounter=\count115

("C:\Program Files\MiKTeX 2.9\tex\latex\hyperref\pd1enc.def"
File: pd1enc.def 2017/03/14 v6.85a Hyperref: PDFDocEncoding definition (HO)
Now handling font encoding PD1 ...
... no UTF-8 mapping file for font encoding PD1
)
\Hy@SavedSpaceFactor=\count116

("C:\Program Files\MiKTeX 2.9\tex\latex\00miktex\hyperref.cfg"
File: hyperref.cfg 2002/06/06 v1.2 hyperref configuration of TeXLive
)
Package hyperref Info: Option `bookmarks' set `true' on input line 4374.
Package hyperref Info: Hyper figures OFF on input line 4498.
Package hyperref Info: Link nesting OFF on input line 4503.
Package hyperref Info: Hyper index ON on input line 4506.
Package hyperref Info: Plain pages OFF on input line 4513.
Package hyperref Info: Backreferencing OFF on input line 4518.
Package hyperref Info: Implicit mode ON; LaTeX internals redefined.
Package hyperref Info: Bookmarks ON on input line 4751.
\c@Hy@tempcnt=\count117

("C:\Program Files\MiKTeX 2.9\tex\latex\url\url.sty"
\Urlmuskip=\muskip11
Package: url 2013/09/16  ver 3.4  Verb mode for urls, etc.
)
LaTeX Info: Redefining \url on input line 5104.
\XeTeXLinkMargin=\dimen136
\Fld@menulength=\count118
\Field@Width=\dimen137
\Fld@charsize=\dimen138
Package hyperref Info: Hyper figures OFF on input line 6358.
Package hyperref Info: Link nesting OFF on input line 6363.
Package hyperref Info: Hyper index ON on input line 6366.
Package hyperref Info: backreferencing OFF on input line 6373.
Package hyperref Info: Link coloring OFF on input line 6378.
Package hyperref Info: Link coloring with OCG OFF on input line 6383.
Package hyperref Info: PDF/A mode OFF on input line 6388.
LaTeX Info: Redefining \ref on input line 6428.
LaTeX Info: Redefining \pageref on input line 6432.
\Hy@abspage=\count119
\c@Item=\count120
\c@Hfootnote=\count121
)

Package hyperref Message: Driver (autodetected): hpdftex.

("C:\Program Files\MiKTeX 2.9\tex\latex\hyperref\hpdftex.def"
File: hpdftex.def 2017/03/14 v6.85a Hyperref driver for pdfTeX
\Fld@listcount=\count122
\c@bookmark@seq@number=\count123

("C:\Program Files\MiKTeX 2.9\tex\latex\oberdiek\rerunfilecheck.sty"
Package: rerunfilecheck 2016/05/16 v1.8 Rerun checks for auxiliary files (HO)
Package uniquecounter Info: New unique counter `rerunfilecheck' on input line 2
82.
)
\Hy@SectionHShift=\skip53
)
("C:\Program Files\MiKTeX 2.9\tex\latex\caption\caption.sty"
Package: caption 2018/05/01 v3.3-147 Customizing captions (AR)

("C:\Program Files\MiKTeX 2.9\tex\latex\caption\caption3.sty"
Package: caption3 2018/05/27 v1.8a caption3 kernel (AR)
Package caption3 Info: TeX engine: e-TeX on input line 64.
\captionmargin=\dimen139
\captionmargin@=\dimen140
\captionwidth=\dimen141
\caption@tempdima=\dimen142
\caption@indent=\dimen143
\caption@parindent=\dimen144
\caption@hangindent=\dimen145
)
\c@ContinuedFloat=\count124
Package caption Info: float package is loaded.
Package caption Info: hyperref package is loaded.
)

! LaTeX Error: Option clash for package natbib.

See the LaTeX manual or LaTeX Companion for explanation.
Type  H <return>  for immediate help.
 ...                                              
                                                  
l.27 \usepackage
                {subcaption}
The package natbib has already been loaded with options:
  [round]
There has now been an attempt to load it with options
  [square,sort,comma]
Adding the global options:
  round,square,sort,comma
to your \documentclass declaration may fix this.
Try typing  <return>  to proceed.

("C:\Program Files\MiKTeX 2.9\tex\latex\caption\subcaption.sty"
Package: subcaption 2018/05/01 v1.1-162 Sub-captions (AR)
\c@subfigure=\count125
\c@subtable=\count126
)
("C:\Program Files\MiKTeX 2.9\tex\latex\fancyhdr\fancyhdr.sty"
Package: fancyhdr 2017/06/30 v3.9a Extensive control of page headers and footer
s
\f@nch@headwidth=\skip54
\f@nch@O@elh=\skip55
\f@nch@O@erh=\skip56
\f@nch@O@olh=\skip57
\f@nch@O@orh=\skip58
\f@nch@O@elf=\skip59
\f@nch@O@erf=\skip60
\f@nch@O@olf=\skip61
\f@nch@O@orf=\skip62
)
("C:\Program Files\MiKTeX 2.9\tex\latex\tools\array.sty"
Package: array 2016/10/06 v2.4d Tabular extension package (FMi)
\col@sep=\dimen146
\extrarowheight=\dimen147
\NC@list=\toks29
\extratabsurround=\skip63
\backup@length=\skip64
)
("C:\Program Files\MiKTeX 2.9\tex\latex\multirow\multirow.sty"
Package: multirow 2016/11/25 v2.2 Span multiple rows of a table
\multirow@colwidth=\skip65
\multirow@cntb=\count127
\multirow@dima=\skip66
\bigstrutjot=\dimen148
)
   defining Unicode char U+2212 (decimal 8722)


Package Fancyhdr Warning: \fancyhead's `E' option without twoside option is use
less on input line 43.


Package Fancyhdr Warning: \fancyfoot's `E' option without twoside option is use
less on input line 45.

(main.aux (frontMatter/frontPage.aux) (innerPage/innerPage.aux)
(certificate/certificate.aux) (certificate/certificate.aux)
(declaration/declaration.aux) (dissertationApprovalSheet/approvalSheet.aux)
(ack/ack.aux) (abstract/abstracts.aux) (mainMatter/ch1.aux) (mainMatter/ch2.aux

LaTeX Warning: Label `fig:RGBColorCube' multiply defined.

) (mainMatter/ch3.aux) (mainMatter/ch4.aux) (mainMatter/ch5.aux

LaTeX Warning: Label `fig:ssr' multiply defined.

) (mainMatter/ch6.aux)

! Package natbib Error: Bibliography not compatible with author-year citations.

(natbib)                Press <return> to continue in numerical citation style.


See the natbib package documentation for explanation.
Type  H <return>  for immediate help.
 ...                                              
                                                  
l.75 ...mand\NAT@force@numbers{}\NAT@force@numbers
                                                  
Check the bibliography entries for non-compliant syntax,
or select author-year BibTeX style, e.g. plainnat

)
\openout1 = `main.aux'.

LaTeX Font Info:    Checking defaults for OML/cmm/m/it on input line 57.
LaTeX Font Info:    ... okay on input line 57.
LaTeX Font Info:    Checking defaults for T1/cmr/m/n on input line 57.
LaTeX Font Info:    ... okay on input line 57.
LaTeX Font Info:    Checking defaults for OT1/cmr/m/n on input line 57.
LaTeX Font Info:    ... okay on input line 57.
LaTeX Font Info:    Checking defaults for OMS/cmsy/m/n on input line 57.
LaTeX Font Info:    ... okay on input line 57.
LaTeX Font Info:    Checking defaults for OMX/cmex/m/n on input line 57.
LaTeX Font Info:    ... okay on input line 57.
LaTeX Font Info:    Checking defaults for U/cmr/m/n on input line 57.
LaTeX Font Info:    ... okay on input line 57.
LaTeX Font Info:    Checking defaults for PD1/pdf/m/n on input line 57.
LaTeX Font Info:    ... okay on input line 57.
LaTeX Font Info:    Try loading font information for T1+ptm on input line 57.
 ("C:\Program Files\MiKTeX 2.9\tex\latex\psnfss\t1ptm.fd"
File: t1ptm.fd 2001/06/04 font definitions for T1/ptm.
)
(C:\Users\Harish\AppData\Roaming\MiKTeX\2.9\tex\context\base\supp-pdf.mkii
[Loading MPS to PDF converter (version 2006.09.02).]
\scratchcounter=\count128
\scratchdimen=\dimen149
\scratchbox=\box32
\nofMPsegments=\count129
\nofMParguments=\count130
\everyMPshowfont=\toks30
\MPscratchCnt=\count131
\MPscratchDim=\dimen150
\MPnumerator=\count132
\makeMPintoPDFobject=\count133
\everyMPtoPDFconversion=\toks31
) ("C:\Program Files\MiKTeX 2.9\tex\latex\oberdiek\epstopdf-base.sty"
Package: epstopdf-base 2016/05/15 v2.6 Base part for package epstopdf

("C:\Program Files\MiKTeX 2.9\tex\latex\oberdiek\grfext.sty"
Package: grfext 2016/05/16 v1.2 Manage graphics extensions (HO)
)
Package epstopdf-base Info: Redefining graphics rule for `.eps' on input line 4
38.
Package grfext Info: Graphics extension search list:
(grfext)             [.pdf,.png,.jpg,.mps,.jpeg,.jbig2,.jb2,.PDF,.PNG,.JPG,.JPE
G,.JBIG2,.JB2,.eps]
(grfext)             \AppendGraphicsExtensions on input line 456.
)
*geometry* driver: auto-detecting
*geometry* detected driver: pdftex
*geometry* verbose mode - [ preamble ] result:
* driver: pdftex
* paper: a4paper
* layout: <same size as paper>
* layoutoffset:(h,v)=(0.0pt,0.0pt)
* modes: 
* h-part:(L,W,R)=(108.405pt, 416.83289pt, 72.26999pt)
* v-part:(T,H,B)=(56.9055pt, 731.23584pt, 56.9055pt)
* \paperwidth=597.50787pt
* \paperheight=845.04684pt
* \textwidth=416.83289pt
* \textheight=731.23584pt
* \oddsidemargin=36.13501pt
* \evensidemargin=36.13501pt
* \topmargin=-52.36449pt
* \headheight=12.0pt
* \headsep=25.0pt
* \topskip=12.0pt
* \footskip=30.0pt
* \marginparwidth=35.0pt
* \marginparsep=10.0pt
* \columnsep=10.0pt
* \skip\footins=10.8pt plus 4.0pt minus 2.0pt
* \hoffset=0.0pt
* \voffset=0.0pt
* \mag=1000
* \@twocolumnfalse
* \@twosidefalse
* \@mparswitchfalse
* \@reversemarginfalse
* (1in=72.27pt=25.4mm, 1cm=28.453pt)

\AtBeginShipoutBox=\box33
Package hyperref Info: Link coloring OFF on input line 57.
("C:\Program Files\MiKTeX 2.9\tex\latex\hyperref\nameref.sty"
Package: nameref 2016/05/21 v2.44 Cross-referencing by name of section

("C:\Program Files\MiKTeX 2.9\tex\generic\oberdiek\gettitlestring.sty"
Package: gettitlestring 2016/05/16 v1.5 Cleanup title references (HO)
)
\c@section@level=\count134
)
LaTeX Info: Redefining \ref on input line 57.
LaTeX Info: Redefining \pageref on input line 57.
LaTeX Info: Redefining \nameref on input line 57.

(main.out) (main.out)
\@outlinefile=\write4
\openout4 = `main.out'.

Package caption Info: Begin \AtBeginDocument code.
Package caption Info: End \AtBeginDocument code.
\openout2 = `frontMatter/frontPage.aux'.

 (frontMatter/frontPage.tex
<logo.jpg, id=178, 264.23718pt x 258.21469pt>
File: logo.jpg Graphic file (type jpg)
<use logo.jpg>
Package pdftex.def Info: logo.jpg  used on input line 66. on input line 66.
Package pdftex.def Info: Requested size: 85.35826pt x 83.4105pt on input line 6
6.
 [1


{C:/Users/Harish/AppData/Local/MiKTeX/2.9/pdftex/config/pdftex.map} <./logo.jpg
>])
! Undefined control sequence.
l.71 \frontmatter
                 
The control sequence at the end of the top line
of your error message was never \def'ed. If you have
misspelled it (e.g., `\hobx'), type `I' and the correct
spelling (e.g., `I\hbox'). Otherwise just continue,
and I'll forget about whatever was undefined.

\openout2 = `innerPage/innerPage.aux'.

(innerPage/innerPage.tex [1


])
\openout2 = `certificate/certificate.aux'.

 (certificate/certificate.tex
LaTeX Font Info:    Font shape `T1/ptm/bx/n' in size <12> not available
(Font)              Font shape `T1/ptm/b/n' tried instead on input line 12.

Underfull \hbox (badness 10000) in paragraph at lines 12--13

 []

LaTeX Font Info:    Try loading font information for U+msa on input line 16.
("C:\Program Files\MiKTeX 2.9\tex\latex\amsfonts\umsa.fd"
File: umsa.fd 2013/01/14 v3.01 AMS symbols A
)
LaTeX Font Info:    Try loading font information for U+msb on input line 16.

("C:\Program Files\MiKTeX 2.9\tex\latex\amsfonts\umsb.fd"
File: umsb.fd 2013/01/14 v3.01 AMS symbols B
)
Overfull \hbox (5.50569pt too wide) in paragraph at lines 16--23
 [][] 
 []

)pdfTeX warning (ext4): destination with the same identifier (name{page.i}) has
 been already used, duplicate ignored
<to be read again> 
                   \relax 
l.75 \include{certificate/certificate}
                                       [1


]
\openout2 = `certificate/certificate.aux'.

 (certificate/certificate.tex
Underfull \hbox (badness 10000) in paragraph at lines 12--13

 []


Overfull \hbox (5.50569pt too wide) in paragraph at lines 16--23
 [][] 
 []

) [2


]
\openout2 = `declaration/declaration.aux'.

 (declaration/declaration.tex) [3


]
\openout2 = `dissertationApprovalSheet/approvalSheet.aux'.


(dissertationApprovalSheet/approvalSheet.tex
Underfull \hbox (badness 10000) in paragraph at lines 8--9

 []

) [4


]
\openout2 = `ack/ack.aux'.

 (ack/ack.tex
Underfull \hbox (badness 10000) in paragraph at lines 11--12

 []

) [5


]
\openout2 = `abstract/abstracts.aux'.

 (abstract/abstracts.tex
Underfull \hbox (badness 10000) in paragraph at lines 8--11

 []


Underfull \hbox (badness 10000) in paragraph at lines 8--11

 []

) [6


]
LaTeX Font Info:    Font shape `T1/ptm/bx/n' in size <24.88> not available
(Font)              Font shape `T1/ptm/b/n' tried instead on input line 84.
 (main.toc
Overfull \hbox (3.04482pt too wide) in paragraph at lines 24--24
 [][] [][]\T1/ptm/m/n/12 Comparison be-tween Spa-tial Do-main Tech-nique And Fr
e-quency 
 []

[7


] [8])
\tf@toc=\write5
\openout5 = `main.toc'.

 [9] (main.lof [10

] [11])
\tf@lof=\write6
\openout6 = `main.lof'.

 [12] (main.lot)
\tf@lot=\write7
\openout7 = `main.lot'.

 [13

]
\openout2 = `mainMatter/ch1.aux'.

 (mainMatter/ch1.tex
Chapter 1.
LaTeX Font Info:    Font shape `T1/ptm/bx/n' in size <17.28> not available
(Font)              Font shape `T1/ptm/b/n' tried instead on input line 5.
pdfTeX warning (ext4): destination with the same identifier (name{page.1}) has 
been already used, duplicate ignored
<to be read again> 
                   \relax 
l.8 
     [1


]
Overfull \hbox (0.53435pt too wide) in paragraph at lines 14--15
\T1/ptm/m/n/12 Restora-tion (MSRCR) and power law trans-for-ma-tion,Histogram e
qual-iza-tion and Adap-
 []


Overfull \hbox (2.31067pt too wide) in paragraph at lines 14--15
\T1/ptm/m/n/12 To im-ple-ment the Al-go-rithms: Retinex al-go-rithma, power law
 trans-for-ma-tion,Histogram
 []

[2]
LaTeX Font Info:    Font shape `T1/ptm/bx/n' in size <14.4> not available
(Font)              Font shape `T1/ptm/b/n' tried instead on input line 15.
LaTeX Font Info:    Try loading font information for OMS+ptm on input line 17.
 ("C:\Program Files\MiKTeX 2.9\tex\latex\psnfss\omsptm.fd"
File: omsptm.fd 
)
LaTeX Font Info:    Font shape `OMS/ptm/m/n' in size <12> not available
(Font)              Font shape `OMS/cmsy/m/n' tried instead on input line 17.

Overfull \hbox (2.38313pt too wide) in paragraph at lines 29--30
\T1/ptm/m/n/12 The Retinex Im-age En-hance-ment Al-go-rithm is an au-to-matic i
m-age en-hance-ment method
 []

[3]) [4]
\openout2 = `mainMatter/ch2.aux'.

 (mainMatter/ch2.tex
Chapter 2.
[5



]
<images/ch2/colorSpectrum.jpg, id=424, 414.79968pt x 132.495pt>
File: images/ch2/colorSpectrum.jpg Graphic file (type jpg)
<use images/ch2/colorSpectrum.jpg>
Package pdftex.def Info: images/ch2/colorSpectrum.jpg  used on input line 19. o
n input line 19.
Package pdftex.def Info: Requested size: 416.83289pt x 133.14969pt on input lin
e 19.
 [6]
<images/ch2/wavelength.jpg, id=432, 555.57562pt x 155.07938pt>
File: images/ch2/wavelength.jpg Graphic file (type jpg)
<use images/ch2/wavelength.jpg>
Package pdftex.def Info: images/ch2/wavelength.jpg  used on input line 28. on i
nput line 28.
Package pdftex.def Info: Requested size: 416.83289pt x 116.35182pt on input lin
e 28.
 [7 <./images/ch2/colorSpectrum.jpg> <./images/ch2/wavelength.jpg>]
<images/ch2/mixtureLight.jpg, id=444, 652.68843pt x 497.60907pt>
File: images/ch2/mixtureLight.jpg Graphic file (type jpg)
<use images/ch2/mixtureLight.jpg>
Package pdftex.def Info: images/ch2/mixtureLight.jpg  used on input line 51. on
 input line 51.
Package pdftex.def Info: Requested size: 416.83289pt x 317.80054pt on input lin
e 51.
<images/ch2/mixturepigment.jpg, id=445, 652.68843pt x 496.85625pt>
File: images/ch2/mixturepigment.jpg Graphic file (type jpg)
<use images/ch2/mixturepigment.jpg>
Package pdftex.def Info: images/ch2/mixturepigment.jpg  used on input line 57. 
on input line 57.
Package pdftex.def Info: Requested size: 416.83289pt x 317.31975pt on input lin
e 57.
<images/ch2/imageMatrix.jpg, id=448, 347.79938pt x 97.86563pt>
File: images/ch2/imageMatrix.jpg Graphic file (type jpg)
<use images/ch2/imageMatrix.jpg>
Package pdftex.def Info: images/ch2/imageMatrix.jpg  used on input line 67. on 
input line 67.
Package pdftex.def Info: Requested size: 347.79852pt x 97.86537pt on input line
 67.

[8 <./images/ch2/mixtureLight.jpg>]
<images/ch2/leena.jpg, id=456, 228.855pt x 162.6075pt>
File: images/ch2/leena.jpg Graphic file (type jpg)
<use images/ch2/leena.jpg>
Package pdftex.def Info: images/ch2/leena.jpg  used on input line 75. on input 
line 75.
Package pdftex.def Info: Requested size: 416.83289pt x 296.1843pt on input line
 75.
 [9 <./images/ch2/mixturepigment.jpg> <./images/ch2/imageMatrix.jpg>]
<images/ch2/vectorAndBitmap.jpg, id=465, 377.15906pt x 194.22563pt>
File: images/ch2/vectorAndBitmap.jpg Graphic file (type jpg)
<use images/ch2/vectorAndBitmap.jpg>
Package pdftex.def Info: images/ch2/vectorAndBitmap.jpg  used on input line 85.
 on input line 85.
Package pdftex.def Info: Requested size: 416.83289pt x 214.65648pt on input lin
e 85.
 [10 <./images/ch2/leena.jpg>] [11 <./images/ch2/vectorAndBitmap.jpg>]
<images/ch2/grayScaleImage.jpg, id=484, 194.22563pt x 192.72pt>
File: images/ch2/grayScaleImage.jpg Graphic file (type jpg)
<use images/ch2/grayScaleImage.jpg>
Package pdftex.def Info: images/ch2/grayScaleImage.jpg  used on input line 113.
 on input line 113.
Package pdftex.def Info: Requested size: 199.17441pt x 197.63042pt on input lin
e 113.

Overfull \hbox (28.45789pt too wide) in paragraph at lines 113--114
 [][] 
 []

<images/ch2/grayLevelImage.jpg, id=485, 36.88782pt x 287.57437pt>
File: images/ch2/grayLevelImage.jpg Graphic file (type jpg)
<use images/ch2/grayLevelImage.jpg>
Package pdftex.def Info: images/ch2/grayLevelImage.jpg  used on input line 117.
 on input line 117.
Package pdftex.def Info: Requested size: 25.54886pt x 199.17688pt on input line
 117.
<images/ch2/RGBColorCube.jpg, id=489, 334.24875pt x 287.57437pt>
File: images/ch2/RGBColorCube.jpg Graphic file (type jpg)
<use images/ch2/RGBColorCube.jpg>
Package pdftex.def Info: images/ch2/RGBColorCube.jpg  used on input line 133. o
n input line 133.
Package pdftex.def Info: Requested size: 334.24792pt x 287.57367pt on input lin
e 133.
<images/ch2/RGB24ColorCube.jpg, id=490, 290.58563pt x 244.66406pt>
File: images/ch2/RGB24ColorCube.jpg Graphic file (type jpg)
<use images/ch2/RGB24ColorCube.jpg>
Package pdftex.def Info: images/ch2/RGB24ColorCube.jpg  used on input line 140.
 on input line 140.
Package pdftex.def Info: Requested size: 232.46881pt x 195.7315pt on input line
 140.
[12 <./images/ch2/grayScaleImage.jpg> <./images/ch2/grayLevelImage.jpg>]
[13 <./images/ch2/RGBColorCube.jpg> <./images/ch2/RGB24ColorCube.jpg>]
<images/ch2/HSVModel.jpg, id=505, 460.72125pt x 420.06938pt>
File: images/ch2/HSVModel.jpg Graphic file (type jpg)
<use images/ch2/HSVModel.jpg>
Package pdftex.def Info: images/ch2/HSVModel.jpg  used on input line 163. on in
put line 163.
Package pdftex.def Info: Requested size: 230.36006pt x 210.03418pt on input lin
e 163.
<images/ch2/H.jpg, id=506, 734.745pt x 474.27188pt>
File: images/ch2/H.jpg Graphic file (type jpg)
<use images/ch2/H.jpg>
Package pdftex.def Info: images/ch2/H.jpg  used on input line 171. on input lin
e 171.
Package pdftex.def Info: Requested size: 293.89279pt x 189.70538pt on input lin
e 171.
<images/ch2/S.jpg, id=507, 469.00218pt x 148.30406pt>
File: images/ch2/S.jpg Graphic file (type jpg)
<use images/ch2/S.jpg>
Package pdftex.def Info: images/ch2/S.jpg  used on input line 176. on input lin
e 176.
Package pdftex.def Info: Requested size: 187.59755pt x 59.32056pt on input line
 176.
<images/ch2/image.jpg, id=508, 380.17032pt x 205.5178pt>
File: images/ch2/image.jpg Graphic file (type jpg)
<use images/ch2/image.jpg>
Package pdftex.def Info: images/ch2/image.jpg  used on input line 188. on input
 line 188.
Package pdftex.def Info: Requested size: 199.17473pt x 107.67267pt on input lin
e 188.
<images/ch2/brightness.jpg, id=509, 383.93437pt x 207.77625pt>
File: images/ch2/brightness.jpg Graphic file (type jpg)
<use images/ch2/brightness.jpg>
Package pdftex.def Info: images/ch2/brightness.jpg  used on input line 191. on 
input line 191.
Package pdftex.def Info: Requested size: 199.17249pt x 107.78746pt on input lin
e 191.

Overfull \hbox (56.9087pt too wide) in paragraph at lines 191--192
[][] 
 []

[14] [15 <./images/ch2/HSVModel.jpg> <./images/ch2/H.jpg> <./images/ch2/S.jpg> 
<./images/ch2/image.jpg> <./images/ch2/brightness.jpg>]
<images/ch2/spatialDomain.jpg, id=524, 221.32687pt x 205.5178pt>
File: images/ch2/spatialDomain.jpg Graphic file (type jpg)
<use images/ch2/spatialDomain.jpg>
Package pdftex.def Info: images/ch2/spatialDomain.jpg  used on input line 214. 
on input line 214.
Package pdftex.def Info: Requested size: 221.32631pt x 205.5173pt on input line
 214.
 [16]
<images/ch2/basicTransformation.jpg, id=533, 291.33844pt x 259.7203pt>
File: images/ch2/basicTransformation.jpg Graphic file (type jpg)
<use images/ch2/basicTransformation.jpg>
Package pdftex.def Info: images/ch2/basicTransformation.jpg  used on input line
 249. on input line 249.
Package pdftex.def Info: Requested size: 291.33772pt x 259.71967pt on input lin
e 249.
 [17 <./images/ch2/spatialDomain.jpg>]

LaTeX Warning: Command \textless invalid in math mode on input line 272.


LaTeX Warning: Command \textgreater invalid in math mode on input line 273.

[18 <./images/ch2/basicTransformation.jpg>] [19] [20]
<images/ch2/imageEnhancementTechniques.jpg, id=569, 450.9347pt x 219.06844pt>
File: images/ch2/imageEnhancementTechniques.jpg Graphic file (type jpg)
<use images/ch2/imageEnhancementTechniques.jpg>
Package pdftex.def Info: images/ch2/imageEnhancementTechniques.jpg  used on inp
ut line 318. on input line 318.
Package pdftex.def Info: Requested size: 315.65213pt x 153.34685pt on input lin
e 318.
 [21] [22 <./images/ch2/imageEnhancementTechniques.jpg>]
Overfull \hbox (16.41609pt too wide) in paragraph at lines 376--376
[]\T1/ptm/b/n/14.4 Comparison be-tween Spa-tial Do-main Tech-nique And Fre-quen
cy
 []

[23] [24]

Package natbib Warning: Citation `retines' on page 25 undefined on input line 5
70.

[25]) [26]
\openout2 = `mainMatter/ch3.aux'.

 (mainMatter/ch3.tex
Chapter 3.
[27



] [28] [29] [30] [31]
Overfull \hbox (4.07529pt too wide) in paragraph at lines 95--106
\T1/ptm/m/n/12 The log-a-rithm was then ap-plied af-ter sur-round func-tion pro
-cess-ing (i.e., two-dimensional
 []


Overfull \hbox (7.25754pt too wide) in paragraph at lines 109--109
[]\T1/ptm/b/n/14.4 Multiscale retinex with Color Restora-tion al-go-rithm (MSRC
R) 
 []


Overfull \hbox (0.4872pt too wide) in paragraph at lines 110--115
\T1/ptm/m/n/12 To ad-dress the draw-back of MSR with re-gard to color restora-t
ion, we in-tro-duced weights
 []

[32]

LaTeX Warning: Command \textellipsis invalid in math mode on input line 143.

[33]
<images/ch3/retinexModel.jpg, id=702, 1028.34187pt x 578.16pt>
File: images/ch3/retinexModel.jpg Graphic file (type jpg)
<use images/ch3/retinexModel.jpg>
Package pdftex.def Info: images/ch3/retinexModel.jpg  used on input line 221. o
n input line 221.
Package pdftex.def Info: Requested size: 514.16968pt x 289.07928pt on input lin
e 221.

Overfull \hbox (97.33679pt too wide) in paragraph at lines 221--222
[][] 
 []


Package natbib Warning: Citation `pt1' on page 34 undefined on input line 227.


Package natbib Warning: Citation `pt2' on page 34 undefined on input line 230.


Package natbib Warning: Citation `pt3' on page 34 undefined on input line 231.


Package natbib Warning: Citation `pt2' on page 34 undefined on input line 233.

[34]

LaTeX Warning: Command \textgreater invalid in math mode on input line 248.


LaTeX Warning: Command \textless invalid in math mode on input line 248.


Package natbib Warning: Citation `pt3' on page 35 undefined on input line 251.

[35 <./images/ch3/retinexModel.jpg>]
<images/ch3/powerLawTransformation.jpg, id=716, 377.91188pt x 283.0575pt>
File: images/ch3/powerLawTransformation.jpg Graphic file (type jpg)
<use images/ch3/powerLawTransformation.jpg>
Package pdftex.def Info: images/ch3/powerLawTransformation.jpg  used on input l
ine 255. on input line 255.
Package pdftex.def Info: Requested size: 340.11754pt x 254.74937pt on input lin
e 255.
 [36 <./images/ch3/powerLawTransformation.jpg>]
<images/ch3/histogramEqualization.jpg, id=728, 243.91125pt x 228.10219pt>
File: images/ch3/histogramEqualization.jpg Graphic file (type jpg)
<use images/ch3/histogramEqualization.jpg>
Package pdftex.def Info: images/ch3/histogramEqualization.jpg  used on input li
ne 285. on input line 285.
Package pdftex.def Info: Requested size: 243.91064pt x 228.10161pt on input lin
e 285.
 [37 <./images/ch3/histogramEqualization.jpg>]
<images/ch3/method1.jpg, id=736, 304.13625pt x 252.945pt>
File: images/ch3/method1.jpg Graphic file (type jpg)
<use images/ch3/method1.jpg>
Package pdftex.def Info: images/ch3/method1.jpg  used on input line 330. on inp
ut line 330.
Package pdftex.def Info: Requested size: 304.1355pt x 252.94438pt on input line
 330.

Underfull \hbox (badness 10000) in paragraph at lines 334--348

 []

[38]
Underfull \hbox (badness 10000) in paragraph at lines 348--357

 []

[39 <./images/ch3/method1.jpg>]
Underfull \hbox (badness 10000) in paragraph at lines 358--363

 []

[40] [41]
<images/ch3/bilinearInterpolation.jpg, id=771, 416.30531pt x 396.7322pt>
File: images/ch3/bilinearInterpolation.jpg Graphic file (type jpg)
<use images/ch3/bilinearInterpolation.jpg>
Package pdftex.def Info: images/ch3/bilinearInterpolation.jpg  used on input li
ne 432. on input line 432.
Package pdftex.def Info: Requested size: 291.41173pt x 277.71063pt on input lin
e 432.

Overfull \hbox (3.75826pt too wide) in paragraph at lines 444--444
[]\T1/ptm/b/n/14.4 Contrast Lim-ited Adap-tive His-togram Equal-iza-tion (CLAHE
) 
 []

<images/ch3/CLAHE.jpg, id=775, 328.22626pt x 171.64125pt>
File: images/ch3/CLAHE.jpg Graphic file (type jpg)
<use images/ch3/CLAHE.jpg>
Package pdftex.def Info: images/ch3/CLAHE.jpg  used on input line 457. on input
 line 457.
Package pdftex.def Info: Requested size: 328.22545pt x 171.64081pt on input lin
e 457.
[42 <./images/ch3/bilinearInterpolation.jpg>]) [43 <./images/ch3/CLAHE.jpg>]
\openout2 = `mainMatter/ch4.aux'.


(mainMatter/ch4.tex
Chapter 4.

Package natbib Warning: Citation `msr1' on page 44 undefined on input line 19.

[44



] [45] [46]
<images/ch4/flowChart.png, id=816, 428.35031pt x 392.21532pt>
File: images/ch4/flowChart.png Graphic file (type png)
<use images/ch4/flowChart.png>
Package pdftex.def Info: images/ch4/flowChart.png  used on input line 66. on in
put line 66.
Package pdftex.def Info: Requested size: 257.01216pt x 235.331pt on input line 
66.
<images/ch4/activity.png, id=817, 331.2375pt x 327.47343pt>
File: images/ch4/activity.png Graphic file (type png)
<use images/ch4/activity.png>
Package pdftex.def Info: images/ch4/activity.png  used on input line 76. on inp
ut line 76.
Package pdftex.def Info: Requested size: 231.86465pt x 229.22984pt on input lin
e 76.
<images/ch4/deployment.png, id=818, 473.51906pt x 332.74312pt>
File: images/ch4/deployment.png Graphic file (type png)
<use images/ch4/deployment.png>
Package pdftex.def Info: images/ch4/deployment.png  used on input line 86. on i
nput line 86.
Package pdftex.def Info: Requested size: 378.81575pt x 266.19484pt on input lin
e 86.
<images/ch4/component.png, id=819, 408.77719pt x 173.89969pt>
File: images/ch4/component.png Graphic file (type png)
<use images/ch4/component.png>
Package pdftex.def Info: images/ch4/component.png  used on input line 96. on in
put line 96.
Package pdftex.def Info: Requested size: 327.02219pt x 139.11992pt on input lin
e 96.
 [47

 <./images/ch4/flowChart.png> <./images/ch4/activity.png>])
[48 <./images/ch4/deployment.png> <./images/ch4/component.png>]
\openout2 = `mainMatter/ch5.aux'.


(mainMatter/ch5.tex
Chapter 5.

Package natbib Warning: Citation `amd1' on page 49 undefined on input line 2.


Package natbib Warning: Citation `entropy' on page 49 undefined on input line 2
.

<images/ch5/bulb_input.jpg, id=835, 339.51843pt x 376.40625pt>
File: images/ch5/bulb_input.jpg Graphic file (type jpg)
<use images/ch5/bulb_input.jpg>
Package pdftex.def Info: images/ch5/bulb_input.jpg  used on input line 11. on i
nput line 11.
Package pdftex.def Info: Requested size: 199.1692pt x 220.80844pt on input line
 11.
<images/ch5/bulb_ssr.jpg, id=836, 338.76563pt x 376.40625pt>
File: images/ch5/bulb_ssr.jpg Graphic file (type jpg)
<use images/ch5/bulb_ssr.jpg>
Package pdftex.def Info: images/ch5/bulb_ssr.jpg  used on input line 16. on inp
ut line 16.
Package pdftex.def Info: Requested size: 199.1773pt x 221.30812pt on input line
 16.

Overfull \hbox (28.46078pt too wide) in paragraph at lines 16--17
 [][] 
 []

File: images/ch5/bulb_input.jpg Graphic file (type jpg)
<use images/ch5/bulb_input.jpg>
Package pdftex.def Info: images/ch5/bulb_input.jpg  used on input line 29. on i
nput line 29.
Package pdftex.def Info: Requested size: 199.1692pt x 220.80844pt on input line
 29.
<images/ch5/bulb_msr.jpg, id=840, 338.76563pt x 376.40625pt>
File: images/ch5/bulb_msr.jpg Graphic file (type jpg)
<use images/ch5/bulb_msr.jpg>
Package pdftex.def Info: images/ch5/bulb_msr.jpg  used on input line 34. on inp
ut line 34.
Package pdftex.def Info: Requested size: 199.1773pt x 221.30812pt on input line
 34.

Overfull \hbox (28.46078pt too wide) in paragraph at lines 34--35
 [][] 
 []

[49



]
File: images/ch5/bulb_input.jpg Graphic file (type jpg)
<use images/ch5/bulb_input.jpg>
Package pdftex.def Info: images/ch5/bulb_input.jpg  used on input line 46. on i
nput line 46.
Package pdftex.def Info: Requested size: 199.1692pt x 220.80844pt on input line
 46.
<images/ch5/bulb_msrcr.jpg, id=849, 338.76563pt x 376.40625pt>
File: images/ch5/bulb_msrcr.jpg Graphic file (type jpg)
<use images/ch5/bulb_msrcr.jpg>
Package pdftex.def Info: images/ch5/bulb_msrcr.jpg  used on input line 51. on i
nput line 51.
Package pdftex.def Info: Requested size: 199.1773pt x 221.30812pt on input line
 51.

Overfull \hbox (28.46078pt too wide) in paragraph at lines 51--52
 [][] 
 []

[50 <./images/ch5/bulb_input.jpg> <./images/ch5/bulb_ssr.jpg> <./images/ch5/bul
b_msr.jpg>]
<images/ch5/palace_input.jpg, id=857, 421.575pt x 316.18124pt>
File: images/ch5/palace_input.jpg Graphic file (type jpg)
<use images/ch5/palace_input.jpg>
Package pdftex.def Info: images/ch5/palace_input.jpg  used on input line 64. on
 input line 64.
Package pdftex.def Info: Requested size: 199.1695pt x 149.37712pt on input line
 64.
<images/ch5/palace_ssr.jpg, id=858, 421.575pt x 316.18124pt>
File: images/ch5/palace_ssr.jpg Graphic file (type jpg)
<use images/ch5/palace_ssr.jpg>
Package pdftex.def Info: images/ch5/palace_ssr.jpg  used on input line 69. on i
nput line 69.
Package pdftex.def Info: Requested size: 199.1695pt x 149.37712pt on input line
 69.

Overfull \hbox (28.45297pt too wide) in paragraph at lines 69--70
 [][] 
 []

[51 <./images/ch5/bulb_msrcr.jpg> <./images/ch5/palace_input.jpg> <./images/ch5
/palace_ssr.jpg>]
File: images/ch5/palace_input.jpg Graphic file (type jpg)
<use images/ch5/palace_input.jpg>
Package pdftex.def Info: images/ch5/palace_input.jpg  used on input line 92. on
 input line 92.
Package pdftex.def Info: Requested size: 199.1695pt x 149.37712pt on input line
 92.
<images/ch5/palace_msr.jpg, id=866, 421.575pt x 316.18124pt>
File: images/ch5/palace_msr.jpg Graphic file (type jpg)
<use images/ch5/palace_msr.jpg>
Package pdftex.def Info: images/ch5/palace_msr.jpg  used on input line 97. on i
nput line 97.
Package pdftex.def Info: Requested size: 199.1695pt x 149.37712pt on input line
 97.

Overfull \hbox (28.45297pt too wide) in paragraph at lines 97--98
 [][] 
 []

File: images/ch5/palace_input.jpg Graphic file (type jpg)
<use images/ch5/palace_input.jpg>
Package pdftex.def Info: images/ch5/palace_input.jpg  used on input line 109. o
n input line 109.
Package pdftex.def Info: Requested size: 199.1695pt x 149.37712pt on input line
 109.
<images/ch5/palace_msrcr.jpg, id=870, 421.575pt x 316.18124pt>
File: images/ch5/palace_msrcr.jpg Graphic file (type jpg)
<use images/ch5/palace_msrcr.jpg>
Package pdftex.def Info: images/ch5/palace_msrcr.jpg  used on input line 114. o
n input line 114.
Package pdftex.def Info: Requested size: 199.1695pt x 149.37712pt on input line
 114.

Overfull \hbox (28.45297pt too wide) in paragraph at lines 114--115
 [][] 
 []

[52 <./images/ch5/palace_msr.jpg> <./images/ch5/palace_msrcr.jpg>]
<images/ch5/robot_input.jpg, id=879, 338.76563pt x 338.76563pt>
File: images/ch5/robot_input.jpg Graphic file (type jpg)
<use images/ch5/robot_input.jpg>
Package pdftex.def Info: images/ch5/robot_input.jpg  used on input line 128. on
 input line 128.
Package pdftex.def Info: Requested size: 199.1773pt x 199.1773pt on input line 
128.
<images/ch5/robot_ssr.jpg, id=880, 338.76563pt x 338.76563pt>
File: images/ch5/robot_ssr.jpg Graphic file (type jpg)
<use images/ch5/robot_ssr.jpg>
Package pdftex.def Info: images/ch5/robot_ssr.jpg  used on input line 133. on i
nput line 133.
Package pdftex.def Info: Requested size: 199.1773pt x 199.1773pt on input line 
133.

Overfull \hbox (28.46078pt too wide) in paragraph at lines 133--134
 [][] 
 []

File: images/ch5/robot_input.jpg Graphic file (type jpg)
<use images/ch5/robot_input.jpg>
Package pdftex.def Info: images/ch5/robot_input.jpg  used on input line 157. on
 input line 157.
Package pdftex.def Info: Requested size: 199.1773pt x 199.1773pt on input line 
157.
<images/ch5/robot_msr.jpg, id=884, 338.76563pt x 338.76563pt>
File: images/ch5/robot_msr.jpg Graphic file (type jpg)
<use images/ch5/robot_msr.jpg>
Package pdftex.def Info: images/ch5/robot_msr.jpg  used on input line 162. on i
nput line 162.
Package pdftex.def Info: Requested size: 199.1773pt x 199.1773pt on input line 
162.

Overfull \hbox (28.46078pt too wide) in paragraph at lines 162--163
 [][] 
 []

[53 <./images/ch5/robot_input.jpg> <./images/ch5/robot_ssr.jpg> <./images/ch5/r
obot_msr.jpg>]
File: images/ch5/robot_input.jpg Graphic file (type jpg)
<use images/ch5/robot_input.jpg>
Package pdftex.def Info: images/ch5/robot_input.jpg  used on input line 174. on
 input line 174.
Package pdftex.def Info: Requested size: 199.1773pt x 199.1773pt on input line 
174.
<images/ch5/robot_msrcr.jpg, id=892, 338.76563pt x 338.76563pt>
File: images/ch5/robot_msrcr.jpg Graphic file (type jpg)
<use images/ch5/robot_msrcr.jpg>
Package pdftex.def Info: images/ch5/robot_msrcr.jpg  used on input line 179. on
 input line 179.
Package pdftex.def Info: Requested size: 199.1773pt x 199.1773pt on input line 
179.

Overfull \hbox (28.46078pt too wide) in paragraph at lines 179--180
 [][] 
 []

File: images/ch5/bulb_input.jpg Graphic file (type jpg)
<use images/ch5/bulb_input.jpg>
Package pdftex.def Info: images/ch5/bulb_input.jpg  used on input line 194. on 
input line 194.
Package pdftex.def Info: Requested size: 199.1692pt x 220.80844pt on input line
 194.
<images/ch5/bulb_power.jpg, id=896, 338.76563pt x 376.40625pt>
File: images/ch5/bulb_power.jpg Graphic file (type jpg)
<use images/ch5/bulb_power.jpg>
Package pdftex.def Info: images/ch5/bulb_power.jpg  used on input line 199. on 
input line 199.
Package pdftex.def Info: Requested size: 199.1773pt x 221.30812pt on input line
 199.

Overfull \hbox (28.46078pt too wide) in paragraph at lines 199--200
 [][] 
 []

[54 <./images/ch5/robot_msrcr.jpg>]
File: images/ch5/palace_input.jpg Graphic file (type jpg)
<use images/ch5/palace_input.jpg>
Package pdftex.def Info: images/ch5/palace_input.jpg  used on input line 214. o
n input line 214.
Package pdftex.def Info: Requested size: 199.1695pt x 149.37712pt on input line
 214.
<images/ch5/palace_power.jpg, id=904, 421.575pt x 316.18124pt>
File: images/ch5/palace_power.jpg Graphic file (type jpg)
<use images/ch5/palace_power.jpg>
Package pdftex.def Info: images/ch5/palace_power.jpg  used on input line 219. o
n input line 219.
Package pdftex.def Info: Requested size: 199.1695pt x 149.37712pt on input line
 219.

Overfull \hbox (28.45297pt too wide) in paragraph at lines 219--220
 [][] 
 []

File: images/ch5/robot_input.jpg Graphic file (type jpg)
<use images/ch5/robot_input.jpg>
Package pdftex.def Info: images/ch5/robot_input.jpg  used on input line 235. on
 input line 235.
Package pdftex.def Info: Requested size: 199.1773pt x 199.1773pt on input line 
235.
<images/ch5/robot_power.jpg, id=908, 338.76563pt x 338.76563pt>
File: images/ch5/robot_power.jpg Graphic file (type jpg)
<use images/ch5/robot_power.jpg>
Package pdftex.def Info: images/ch5/robot_power.jpg  used on input line 240. on
 input line 240.
Package pdftex.def Info: Requested size: 199.1773pt x 199.1773pt on input line 
240.

Overfull \hbox (28.46078pt too wide) in paragraph at lines 240--241
 [][] 
 []

[55 <./images/ch5/bulb_power.jpg> <./images/ch5/palace_power.jpg>]
File: images/ch5/bulb_input.jpg Graphic file (type jpg)
<use images/ch5/bulb_input.jpg>
Package pdftex.def Info: images/ch5/bulb_input.jpg  used on input line 255. on 
input line 255.
Package pdftex.def Info: Requested size: 199.1692pt x 220.80844pt on input line
 255.
<images/ch5/bulb_hist_equ.jpg, id=916, 338.76563pt x 376.40625pt>
File: images/ch5/bulb_hist_equ.jpg Graphic file (type jpg)
<use images/ch5/bulb_hist_equ.jpg>
Package pdftex.def Info: images/ch5/bulb_hist_equ.jpg  used on input line 260. 
on input line 260.
Package pdftex.def Info: Requested size: 199.1773pt x 221.30812pt on input line
 260.

Overfull \hbox (28.46078pt too wide) in paragraph at lines 260--261
 [][] 
 []

[56 <./images/ch5/robot_power.jpg> <./images/ch5/bulb_hist_equ.jpg>]
File: images/ch5/palace_input.jpg Graphic file (type jpg)
<use images/ch5/palace_input.jpg>
Package pdftex.def Info: images/ch5/palace_input.jpg  used on input line 276. o
n input line 276.
Package pdftex.def Info: Requested size: 199.1695pt x 149.37712pt on input line
 276.
<images/ch5/palace_hist_equ.jpg, id=924, 421.575pt x 316.18124pt>
File: images/ch5/palace_hist_equ.jpg Graphic file (type jpg)
<use images/ch5/palace_hist_equ.jpg>
Package pdftex.def Info: images/ch5/palace_hist_equ.jpg  used on input line 281
. on input line 281.
Package pdftex.def Info: Requested size: 199.1695pt x 149.37712pt on input line
 281.

Overfull \hbox (28.45297pt too wide) in paragraph at lines 281--282
 [][] 
 []

File: images/ch5/robot_input.jpg Graphic file (type jpg)
<use images/ch5/robot_input.jpg>
Package pdftex.def Info: images/ch5/robot_input.jpg  used on input line 298. on
 input line 298.
Package pdftex.def Info: Requested size: 199.1773pt x 199.1773pt on input line 
298.
<images/ch5/robot_hist_equ.jpg, id=928, 338.76563pt x 338.76563pt>
File: images/ch5/robot_hist_equ.jpg Graphic file (type jpg)
<use images/ch5/robot_hist_equ.jpg>
Package pdftex.def Info: images/ch5/robot_hist_equ.jpg  used on input line 303.
 on input line 303.
Package pdftex.def Info: Requested size: 199.1773pt x 199.1773pt on input line 
303.

Overfull \hbox (28.46078pt too wide) in paragraph at lines 303--304
 [][] 
 []

File: images/ch5/bulb_input.jpg Graphic file (type jpg)
<use images/ch5/bulb_input.jpg>
Package pdftex.def Info: images/ch5/bulb_input.jpg  used on input line 319. on 
input line 319.
Package pdftex.def Info: Requested size: 199.1692pt x 220.80844pt on input line
 319.
<images/ch5/bulb_adapt_hist.jpg, id=932, 338.76563pt x 376.40625pt>
File: images/ch5/bulb_adapt_hist.jpg Graphic file (type jpg)
<use images/ch5/bulb_adapt_hist.jpg>
Package pdftex.def Info: images/ch5/bulb_adapt_hist.jpg  used on input line 324
. on input line 324.
Package pdftex.def Info: Requested size: 199.1773pt x 221.30812pt on input line
 324.

Overfull \hbox (28.46078pt too wide) in paragraph at lines 324--325
 [][] 
 []

[57 <./images/ch5/palace_hist_equ.jpg>]
File: images/ch5/palace_input.jpg Graphic file (type jpg)
<use images/ch5/palace_input.jpg>
Package pdftex.def Info: images/ch5/palace_input.jpg  used on input line 341. o
n input line 341.
Package pdftex.def Info: Requested size: 199.1695pt x 149.37712pt on input line
 341.
<images/ch5/palace_adapt_hist.jpg, id=940, 421.575pt x 316.18124pt>
File: images/ch5/palace_adapt_hist.jpg Graphic file (type jpg)
<use images/ch5/palace_adapt_hist.jpg>
Package pdftex.def Info: images/ch5/palace_adapt_hist.jpg  used on input line 3
46. on input line 346.
Package pdftex.def Info: Requested size: 199.1695pt x 149.37712pt on input line
 346.

Overfull \hbox (28.45297pt too wide) in paragraph at lines 346--347
 [][] 
 []


LaTeX Warning: Reference `fig:robotAdaptive' on page 58 undefined on input line
 353.


LaTeX Warning: Reference `fig:robotAdaptive' on page 58 undefined on input line
 353.

[58 <./images/ch5/robot_hist_equ.jpg> <./images/ch5/bulb_adapt_hist.jpg>]
File: images/ch5/robot_input.jpg Graphic file (type jpg)
<use images/ch5/robot_input.jpg>
Package pdftex.def Info: images/ch5/robot_input.jpg  used on input line 363. on
 input line 363.
Package pdftex.def Info: Requested size: 199.1773pt x 199.1773pt on input line 
363.
<images/ch5/robot_adapt_hist.jpg, id=947, 338.76563pt x 338.76563pt>
File: images/ch5/robot_adapt_hist.jpg Graphic file (type jpg)
<use images/ch5/robot_adapt_hist.jpg>
Package pdftex.def Info: images/ch5/robot_adapt_hist.jpg  used on input line 36
8. on input line 368.
Package pdftex.def Info: Requested size: 199.1773pt x 199.1773pt on input line 
368.

Overfull \hbox (28.46078pt too wide) in paragraph at lines 368--369
 [][] 
 []

) [59 <./images/ch5/palace_adapt_hist.jpg> <./images/ch5/robot_adapt_hist.jpg>]
[60]
\openout2 = `mainMatter/ch6.aux'.

 (mainMatter/ch6.tex
Chapter 6.
) [61



] (myref.tex
Overfull \hbox (18.20605pt too wide) in paragraph at lines 12--13
[]\T1/ptm/m/n/12 "http://www.robots.ox.ac.uk/ teo/thesis/Thesis/deCampos3DHandT
rackingApp.pdf" 
 []


Underfull \hbox (badness 1852) in paragraph at lines 14--17
[]\T1/ptm/m/n/12 Sos S. Aga-ian, Blair Sil-ver, and Karen A. Panetta," Trans-fo
rm Co-ef-fi-
 []

! Misplaced alignment tab character &.
l.19 ...MPOSITION HISTOGRAM EQUALIZATION" Signal &
                                                   Image Processing :
I can't figure out why you would want to use a tab mark
here. If you just want an ampersand, the remedy is
simple: Just type `I\&' now. But if some right brace
up above has ended a previous alignment prematurely,
you're probably due for more error messages, and you
might try typing `S' now just to see what is salvageable.

! Undefined control sequence.
l.22 	\binitem
              {amd1} Chirag S. Panchal, Abhay B. Upadhyay, "Depth Estimation...
The control sequence at the end of the top line
of your error message was never \def'ed. If you have
misspelled it (e.g., `\hobx'), type `I' and the correct
spelling (e.g., `I\hbox'). Otherwise just continue,
and I'll forget about whatever was undefined.

[62


]

! Package inputenc Error: Unicode char  (U+B4)
(inputenc)                not set up for use with LaTeX.

See the inputenc package documentation for explanation.
Type  H <return>  for immediate help.
 ...                                              
                                                  
l.41 	
        opolis, RJ, Brazil and Computer Science and Electrical Engineering D...

Your command was ignored.
Type  I <command> <return>  to replace it with another command,
or  <return>  to continue without it.


Underfull \hbox (badness 1365) in paragraph at lines 52--54
[]\T1/ptm/m/n/12 R.C. GONZLEZ, R. E. W. Dig-i-tal Im-age Pro-cess-ing. Pear-so
n Pren-tice
 []

[63] [64]
! Misplaced alignment tab character &.
l.105 	Information &
                     Communication Technology Vol. 3, Issue 1, December 2010...
I can't figure out why you would want to use a tab mark
here. If you just want an ampersand, the remedy is
simple: Just type `I\&' now. But if some right brace
up above has ended a previous alignment prematurely,
you're probably due for more error messages, and you
might try typing `S' now just to see what is salvageable.

[65])
! Undefined control sequence.
l.113 \backmatter
                 
The control sequence at the end of the top line
of your error message was never \def'ed. If you have
misspelled it (e.g., `\hobx'), type `I' and the correct
spelling (e.g., `I\hbox'). Otherwise just continue,
and I'll forget about whatever was undefined.


Package natbib Warning: There were undefined citations.

Package atveryend Info: Empty hook `BeforeClearDocument' on input line 114.
[66]
Package atveryend Info: Empty hook `AfterLastShipout' on input line 114.
 (main.aux (frontMatter/frontPage.aux) (innerPage/innerPage.aux)
(certificate/certificate.aux) (certificate/certificate.aux)
(declaration/declaration.aux) (dissertationApprovalSheet/approvalSheet.aux)
(ack/ack.aux) (abstract/abstracts.aux) (mainMatter/ch1.aux) (mainMatter/ch2.aux
) (mainMatter/ch3.aux) (mainMatter/ch4.aux) (mainMatter/ch5.aux)
(mainMatter/ch6.aux))
Package atveryend Info: Executing hook `AtVeryEndDocument' on input line 114.
Package atveryend Info: Executing hook `AtEndAfterFileList' on input line 114.
Package rerunfilecheck Info: File `main.out' has not changed.
(rerunfilecheck)             Checksum: E34EBFFA27619781CEF895E999880C42;3172.


LaTeX Warning: There were undefined references.


LaTeX Warning: There were multiply-defined labels.

Package atveryend Info: Empty hook `AtVeryVeryEnd' on input line 114.
 ) 
Here is how much of TeX's memory you used:
 11088 strings out of 493312
 166310 string characters out of 3138895
 375766 words of memory out of 3000000
 14025 multiletter control sequences out of 15000+200000
 45857 words of font info for 57 fonts, out of 3000000 for 9000
 1141 hyphenation exceptions out of 8191
 36i,13n,43p,2782b,576s stack positions out of 5000i,500n,10000p,200000b,50000s
{C:/Program Files/MiKTeX 2.9/fonts/enc/dvips/base/8r.enc}<C:/Program Files/Mi
KTeX 2.9/fonts/type1/public/amsfonts/cm/cmex10.pfb><C:/Program Files/MiKTeX 2.9
/fonts/type1/public/amsfonts/cm/cmmi12.pfb><C:/Program Files/MiKTeX 2.9/fonts/t
ype1/public/amsfonts/cm/cmmi6.pfb><C:/Program Files/MiKTeX 2.9/fonts/type1/publ
ic/amsfonts/cm/cmmi8.pfb><C:/Program Files/MiKTeX 2.9/fonts/type1/public/amsfon
ts/cm/cmr12.pfb><C:/Program Files/MiKTeX 2.9/fonts/type1/public/amsfonts/cm/cmr
8.pfb><C:/Program Files/MiKTeX 2.9/fonts/type1/public/amsfonts/cm/cmsy10.pfb><C
:/Program Files/MiKTeX 2.9/fonts/type1/public/amsfonts/cm/cmsy8.pfb><C:/Program
 Files/MiKTeX 2.9/fonts/type1/urw/times/utmb8a.pfb><C:/Program Files/MiKTeX 2.9
/fonts/type1/urw/times/utmr8a.pfb><C:/Program Files/MiKTeX 2.9/fonts/type1/urw/
times/utmri8a.pfb>
Output written on main.pdf (81 pages, 2622620 bytes).
PDF statistics:
 1096 PDF objects out of 1200 (max. 8388607)
 253 named destinations out of 1000 (max. 500000)
 608 words of extra memory for PDF output out of 10000 (max. 10000000)

